<?xml version="1.0" encoding="UTF-8"?>
<robot generator="Robot 5.0.1 (Python 3.10.6 on win32)" generated="20251001 22:05:54.812" rpa="false" schemaversion="3">
<suite id="s1" name="RobotFramework Tests" source="C:\Users\szymo\OneDrive\Pulpit\github\RobotFramework\RobotFramework_Tests">
<suite id="s1-s1" name="[Pricing] Pricing Subpage (w-FUN.8) (+)" source="C:\Users\szymo\OneDrive\Pulpit\github\RobotFramework\RobotFramework_Tests\[Pricing] Pricing Subpage (w-FUN.8) (+).robot">
<kw name="Prepare Environment" type="SETUP">
<kw name="Set Selenium Speed" library="SeleniumLibrary">
<arg>0.5</arg>
<doc>Sets the delay that is waited after each Selenium command.</doc>
<status status="PASS" starttime="20251001 22:05:55.023" endtime="20251001 22:05:55.023"/>
</kw>
<kw name="Set Screenshot Directory" library="SeleniumLibrary">
<arg>screenshots</arg>
<doc>Sets the directory for captured screenshots.</doc>
<status status="PASS" starttime="20251001 22:05:55.023" endtime="20251001 22:05:55.024"/>
</kw>
<status status="PASS" starttime="20251001 22:05:55.023" endtime="20251001 22:05:55.024"/>
</kw>
<test id="s1-s1-t1" name="Verify Consultation Pricing Page" line="11">
<kw name="Open Browser Session" type="SETUP">
<kw name="Open Browser" library="SeleniumLibrary">
<arg>https://tester.codersguru.pl/</arg>
<arg>chrome</arg>
<doc>Opens a new browser instance to the optional ``url``.</doc>
<msg timestamp="20251001 22:05:55.025" level="INFO">Opening browser 'chrome' to base url 'https://tester.codersguru.pl/'.</msg>
<status status="PASS" starttime="20251001 22:05:55.025" endtime="20251001 22:05:57.376"/>
</kw>
<kw name="Maximize Browser Window" library="SeleniumLibrary">
<doc>Maximizes current browser window.</doc>
<status status="PASS" starttime="20251001 22:05:57.376" endtime="20251001 22:05:57.915"/>
</kw>
<status status="PASS" starttime="20251001 22:05:55.025" endtime="20251001 22:05:57.915"/>
</kw>
<kw name="Navigate To Pricing Page">
<kw name="Click Element" library="SeleniumLibrary">
<arg>${PRICING_MENU}</arg>
<doc>Click the element identified by ``locator``.</doc>
<msg timestamp="20251001 22:05:57.917" level="INFO">Clicking element '//*[@class='header__list-element' and contains(., 'Cennik')]'.</msg>
<status status="PASS" starttime="20251001 22:05:57.916" endtime="20251001 22:05:59.097"/>
</kw>
<status status="PASS" starttime="20251001 22:05:57.916" endtime="20251001 22:05:59.097"/>
</kw>
<kw name="Verify Consultation Price Displayed">
<kw name="Element Text Should Be" library="SeleniumLibrary">
<arg>${CHECK_PRICE}</arg>
<arg>100zł za godzinę brutto</arg>
<doc>Verifies that element ``locator`` contains exact the text ``expected``.</doc>
<msg timestamp="20251001 22:05:59.098" level="INFO">Verifying element '//*[@class='pricing__subheader pricing__subheader--green' and contains(., 'za godzinę brutto')]' contains exact text '100zł za godzinę brutto'.</msg>
<status status="PASS" starttime="20251001 22:05:59.098" endtime="20251001 22:06:00.137"/>
</kw>
<status status="PASS" starttime="20251001 22:05:59.097" endtime="20251001 22:06:00.137"/>
</kw>
<kw name="Close Browser" library="SeleniumLibrary" type="TEARDOWN">
<doc>Closes the current browser.</doc>
<status status="PASS" starttime="20251001 22:06:00.137" endtime="20251001 22:06:02.858"/>
</kw>
<status status="PASS" starttime="20251001 22:05:55.024" endtime="20251001 22:06:02.858"/>
</test>
<doc>Automated test for CodersGuru pricing page</doc>
<status status="PASS" starttime="20251001 22:05:54.834" endtime="20251001 22:06:02.861"/>
</suite>
<suite id="s1-s2" name="[Regulations] Regulations Subpage (W-FUN.9) (+)" source="C:\Users\szymo\OneDrive\Pulpit\github\RobotFramework\RobotFramework_Tests\[Regulations] Regulations Subpage (W-FUN.9) (+).robot">
<kw name="Prepare Environment" type="SETUP">
<kw name="Set Selenium Speed" library="SeleniumLibrary">
<arg>0.5</arg>
<doc>Sets the delay that is waited after each Selenium command.</doc>
<status status="PASS" starttime="20251001 22:06:02.866" endtime="20251001 22:06:02.866"/>
</kw>
<status status="PASS" starttime="20251001 22:06:02.866" endtime="20251001 22:06:02.866"/>
</kw>
<test id="s1-s2-t1" name="Verify Regulations Page" line="10">
<kw name="Open Browser Session" type="SETUP">
<kw name="Open Browser" library="SeleniumLibrary">
<arg>https://tester.codersguru.pl/</arg>
<arg>chrome</arg>
<doc>Opens a new browser instance to the optional ``url``.</doc>
<msg timestamp="20251001 22:06:02.867" level="INFO">Opening browser 'chrome' to base url 'https://tester.codersguru.pl/'.</msg>
<status status="PASS" starttime="20251001 22:06:02.867" endtime="20251001 22:06:05.122"/>
</kw>
<kw name="Maximize Browser Window" library="SeleniumLibrary">
<doc>Maximizes current browser window.</doc>
<status status="PASS" starttime="20251001 22:06:05.122" endtime="20251001 22:06:05.663"/>
</kw>
<status status="PASS" starttime="20251001 22:06:02.867" endtime="20251001 22:06:05.663"/>
</kw>
<kw name="Navigate To Regulations Page">
<kw name="Click Element" library="SeleniumLibrary">
<arg>${REGULATIONS_LINK}</arg>
<doc>Click the element identified by ``locator``.</doc>
<msg timestamp="20251001 22:06:05.664" level="INFO">Clicking element '//*[@class='link link--grey' and contains(., 'Regulamin')]'.</msg>
<status status="PASS" starttime="20251001 22:06:05.664" endtime="20251001 22:06:06.864"/>
</kw>
<status status="PASS" starttime="20251001 22:06:05.663" endtime="20251001 22:06:06.864"/>
</kw>
<kw name="Verify Regulations Page Loaded">
<kw name="Wait Until Location Is" library="SeleniumLibrary">
<arg>https://tester.codersguru.pl/regulations</arg>
<doc>Waits until the current URL is ``expected``.</doc>
<status status="PASS" starttime="20251001 22:06:06.865" endtime="20251001 22:06:07.373"/>
</kw>
<status status="PASS" starttime="20251001 22:06:06.864" endtime="20251001 22:06:07.373"/>
</kw>
<kw name="Close Browser" library="SeleniumLibrary" type="TEARDOWN">
<doc>Closes the current browser.</doc>
<status status="PASS" starttime="20251001 22:06:07.373" endtime="20251001 22:06:09.961"/>
</kw>
<status status="PASS" starttime="20251001 22:06:02.866" endtime="20251001 22:06:09.961"/>
</test>
<doc>Automated test for the Regulations page</doc>
<status status="PASS" starttime="20251001 22:06:02.862" endtime="20251001 22:06:09.963"/>
</suite>
<suite id="s1-s3" name="[Terms] Terms Subpage (W-FUN.9) (+)" source="C:\Users\szymo\OneDrive\Pulpit\github\RobotFramework\RobotFramework_Tests\[Terms] Terms Subpage (W-FUN.9) (+).robot">
<kw name="Prepare Environment" type="SETUP">
<kw name="Set Selenium Speed" library="SeleniumLibrary">
<arg>0.5</arg>
<doc>Sets the delay that is waited after each Selenium command.</doc>
<status status="PASS" starttime="20251001 22:06:09.968" endtime="20251001 22:06:09.969"/>
</kw>
<status status="PASS" starttime="20251001 22:06:09.968" endtime="20251001 22:06:09.969"/>
</kw>
<test id="s1-s3-t1" name="Verify Regulations Page" line="10">
<kw name="Open Browser Session" type="SETUP">
<kw name="Open Browser" library="SeleniumLibrary">
<arg>https://tester.codersguru.pl/</arg>
<arg>chrome</arg>
<doc>Opens a new browser instance to the optional ``url``.</doc>
<msg timestamp="20251001 22:06:09.969" level="INFO">Opening browser 'chrome' to base url 'https://tester.codersguru.pl/'.</msg>
<status status="PASS" starttime="20251001 22:06:09.969" endtime="20251001 22:06:12.184"/>
</kw>
<kw name="Maximize Browser Window" library="SeleniumLibrary">
<doc>Maximizes current browser window.</doc>
<status status="PASS" starttime="20251001 22:06:12.184" endtime="20251001 22:06:12.718"/>
</kw>
<status status="PASS" starttime="20251001 22:06:09.969" endtime="20251001 22:06:12.718"/>
</kw>
<kw name="Navigate To Regulations Page">
<kw name="Click Element" library="SeleniumLibrary">
<arg>${REGULATIONS_LINK}</arg>
<doc>Click the element identified by ``locator``.</doc>
<msg timestamp="20251001 22:06:12.719" level="INFO">Clicking element '//*[@class='link link--grey' and contains(., 'Regulamin')]'.</msg>
<status status="PASS" starttime="20251001 22:06:12.719" endtime="20251001 22:06:13.904"/>
</kw>
<status status="PASS" starttime="20251001 22:06:12.718" endtime="20251001 22:06:13.904"/>
</kw>
<kw name="Verify Regulations Page Loaded">
<kw name="Wait Until Location Is" library="SeleniumLibrary">
<arg>https://tester.codersguru.pl/regulations</arg>
<doc>Waits until the current URL is ``expected``.</doc>
<status status="PASS" starttime="20251001 22:06:13.905" endtime="20251001 22:06:14.417"/>
</kw>
<status status="PASS" starttime="20251001 22:06:13.904" endtime="20251001 22:06:14.417"/>
</kw>
<kw name="Close Browser" library="SeleniumLibrary" type="TEARDOWN">
<doc>Closes the current browser.</doc>
<status status="PASS" starttime="20251001 22:06:14.418" endtime="20251001 22:06:17.015"/>
</kw>
<status status="PASS" starttime="20251001 22:06:09.969" endtime="20251001 22:06:17.015"/>
</test>
<doc>Automated test for the Regulations page</doc>
<status status="PASS" starttime="20251001 22:06:09.965" endtime="20251001 22:06:17.017"/>
</suite>
<suite id="s1-s4" name="Login Functionality for Registered User (+) (WF-FUN.3)" source="C:\Users\szymo\OneDrive\Pulpit\github\RobotFramework\RobotFramework_Tests\Login Functionality for Registered User (+) (WF-FUN.3).robot">
<kw name="Prepare Environment" type="SETUP">
<kw name="Set Selenium Speed" library="SeleniumLibrary">
<arg>0.5</arg>
<doc>Sets the delay that is waited after each Selenium command.</doc>
<status status="PASS" starttime="20251001 22:06:17.022" endtime="20251001 22:06:17.022"/>
</kw>
<status status="PASS" starttime="20251001 22:06:17.022" endtime="20251001 22:06:17.022"/>
</kw>
<test id="s1-s4-t1" name="Verify Registered User Login" line="13">
<kw name="Open Browser Session" type="SETUP">
<kw name="Open Browser" library="SeleniumLibrary">
<arg>https://tester.codersguru.pl/</arg>
<arg>chrome</arg>
<doc>Opens a new browser instance to the optional ``url``.</doc>
<msg timestamp="20251001 22:06:17.023" level="INFO">Opening browser 'chrome' to base url 'https://tester.codersguru.pl/'.</msg>
<status status="PASS" starttime="20251001 22:06:17.023" endtime="20251001 22:06:19.251"/>
</kw>
<kw name="Maximize Browser Window" library="SeleniumLibrary">
<doc>Maximizes current browser window.</doc>
<status status="PASS" starttime="20251001 22:06:19.251" endtime="20251001 22:06:19.788"/>
</kw>
<status status="PASS" starttime="20251001 22:06:17.023" endtime="20251001 22:06:19.788"/>
</kw>
<kw name="Navigate To Login Page">
<kw name="Click Element" library="SeleniumLibrary">
<arg>${LOGIN_BUTTON_HEADER}</arg>
<doc>Click the element identified by ``locator``.</doc>
<msg timestamp="20251001 22:06:19.788" level="INFO">Clicking element '//button[@class='header__button']'.</msg>
<status status="PASS" starttime="20251001 22:06:19.788" endtime="20251001 22:06:20.953"/>
</kw>
<status status="PASS" starttime="20251001 22:06:19.788" endtime="20251001 22:06:20.953"/>
</kw>
<kw name="Wait For Login Page To Load">
<kw name="Wait Until Location Is" library="SeleniumLibrary">
<arg>https://tester.codersguru.pl/login</arg>
<doc>Waits until the current URL is ``expected``.</doc>
<status status="PASS" starttime="20251001 22:06:20.955" endtime="20251001 22:06:21.475"/>
</kw>
<status status="PASS" starttime="20251001 22:06:20.953" endtime="20251001 22:06:21.475"/>
</kw>
<kw name="Enter Email">
<kw name="Input Text" library="SeleniumLibrary">
<arg>${EMAIL_FIELD}</arg>
<arg>aaaaa@wp.pl</arg>
<doc>Types the given ``text`` into the text field identified by ``locator``.</doc>
<msg timestamp="20251001 22:06:21.476" level="INFO">Typing text 'aaaaa@wp.pl' into text field '//input[@id='username']'.</msg>
<status status="PASS" starttime="20251001 22:06:21.476" endtime="20251001 22:06:23.095"/>
</kw>
<status status="PASS" starttime="20251001 22:06:21.475" endtime="20251001 22:06:23.095"/>
</kw>
<kw name="Enter Password">
<kw name="Input Text" library="SeleniumLibrary">
<arg>${PASSWORD_FIELD}</arg>
<arg>aaaaa</arg>
<doc>Types the given ``text`` into the text field identified by ``locator``.</doc>
<msg timestamp="20251001 22:06:23.096" level="INFO">Typing text 'aaaaa' into text field '//input[@id='password']'.</msg>
<status status="PASS" starttime="20251001 22:06:23.096" endtime="20251001 22:06:24.676"/>
</kw>
<status status="PASS" starttime="20251001 22:06:23.095" endtime="20251001 22:06:24.676"/>
</kw>
<kw name="Click Login Button">
<kw name="Click Button" library="SeleniumLibrary">
<arg>${LOGIN_BUTTON}</arg>
<doc>Clicks the button identified by ``locator``.</doc>
<msg timestamp="20251001 22:06:24.677" level="INFO">Clicking button '//button[@id='_submit']'.</msg>
<status status="PASS" starttime="20251001 22:06:24.677" endtime="20251001 22:06:28.000"/>
</kw>
<status status="PASS" starttime="20251001 22:06:24.676" endtime="20251001 22:06:28.000"/>
</kw>
<kw name="Verify User Is Logged In">
<kw name="Wait Until Page Contains Element" library="SeleniumLibrary">
<arg>//img[@class='settings-image']</arg>
<arg>timeout=10s</arg>
<doc>Waits until the element ``locator`` appears on the current page.</doc>
<status status="PASS" starttime="20251001 22:06:28.001" endtime="20251001 22:06:28.515"/>
</kw>
<status status="PASS" starttime="20251001 22:06:28.000" endtime="20251001 22:06:28.515"/>
</kw>
<kw name="Close Browser" library="SeleniumLibrary" type="TEARDOWN">
<doc>Closes the current browser.</doc>
<status status="PASS" starttime="20251001 22:06:28.517" endtime="20251001 22:06:31.090"/>
</kw>
<status status="PASS" starttime="20251001 22:06:17.022" endtime="20251001 22:06:31.090"/>
</test>
<doc>Automated test for login functionality of a registered user</doc>
<status status="PASS" starttime="20251001 22:06:17.019" endtime="20251001 22:06:31.092"/>
</suite>
<suite id="s1-s5" name="Login with Invalid Credentials (-)" source="C:\Users\szymo\OneDrive\Pulpit\github\RobotFramework\RobotFramework_Tests\Login with Invalid Credentials (-).robot">
<kw name="Prepare Environment" type="SETUP">
<kw name="Set Selenium Speed" library="SeleniumLibrary">
<arg>0.5</arg>
<doc>Sets the delay that is waited after each Selenium command.</doc>
<status status="PASS" starttime="20251001 22:06:31.096" endtime="20251001 22:06:31.096"/>
</kw>
<status status="PASS" starttime="20251001 22:06:31.096" endtime="20251001 22:06:31.096"/>
</kw>
<test id="s1-s5-t1" name="Verify Login With Invalid Credentials" line="15">
<kw name="Open Browser Session" type="SETUP">
<kw name="Open Browser" library="SeleniumLibrary">
<arg>${BASE_URL}</arg>
<arg>${BROWSER}</arg>
<doc>Opens a new browser instance to the optional ``url``.</doc>
<msg timestamp="20251001 22:06:31.097" level="INFO">Opening browser 'chrome' to base url 'https://tester.codersguru.pl/'.</msg>
<status status="PASS" starttime="20251001 22:06:31.097" endtime="20251001 22:06:33.329"/>
</kw>
<kw name="Maximize Browser Window" library="SeleniumLibrary">
<doc>Maximizes current browser window.</doc>
<status status="PASS" starttime="20251001 22:06:33.329" endtime="20251001 22:06:33.864"/>
</kw>
<status status="PASS" starttime="20251001 22:06:31.097" endtime="20251001 22:06:33.864"/>
</kw>
<kw name="Navigate To Login Page">
<kw name="Click Element" library="SeleniumLibrary">
<arg>${LOGIN_BUTTON_HEADER}</arg>
<doc>Click the element identified by ``locator``.</doc>
<msg timestamp="20251001 22:06:33.864" level="INFO">Clicking element '//button[@class='header__button']'.</msg>
<status status="PASS" starttime="20251001 22:06:33.864" endtime="20251001 22:06:35.048"/>
</kw>
<status status="PASS" starttime="20251001 22:06:33.864" endtime="20251001 22:06:35.048"/>
</kw>
<kw name="Wait For Login Page To Load">
<kw name="Wait Until Location Is" library="SeleniumLibrary">
<arg>https://tester.codersguru.pl/login</arg>
<doc>Waits until the current URL is ``expected``.</doc>
<status status="PASS" starttime="20251001 22:06:35.049" endtime="20251001 22:06:35.569"/>
</kw>
<status status="PASS" starttime="20251001 22:06:35.048" endtime="20251001 22:06:35.569"/>
</kw>
<kw name="Valid Email And Invalid Password">
<kw name="Input Text" library="SeleniumLibrary">
<arg>${EMAIL_FIELD}</arg>
<arg>aaaaa@wp.pl</arg>
<doc>Types the given ``text`` into the text field identified by ``locator``.</doc>
<msg timestamp="20251001 22:06:35.570" level="INFO">Typing text 'aaaaa@wp.pl' into text field '//input[@id='username']'.</msg>
<status status="PASS" starttime="20251001 22:06:35.570" endtime="20251001 22:06:37.188"/>
</kw>
<kw name="Input Text" library="SeleniumLibrary">
<arg>${PASSWORD_FIELD}</arg>
<arg>bbbbb</arg>
<doc>Types the given ``text`` into the text field identified by ``locator``.</doc>
<msg timestamp="20251001 22:06:37.188" level="INFO">Typing text 'bbbbb' into text field '//input[@id='password']'.</msg>
<status status="PASS" starttime="20251001 22:06:37.188" endtime="20251001 22:06:38.757"/>
</kw>
<kw name="Click Button" library="SeleniumLibrary">
<arg>${LOGIN_BUTTON}</arg>
<doc>Clicks the button identified by ``locator``.</doc>
<msg timestamp="20251001 22:06:38.757" level="INFO">Clicking button '//button[@id='_submit']'.</msg>
<status status="PASS" starttime="20251001 22:06:38.757" endtime="20251001 22:06:42.034"/>
</kw>
<kw name="Wait Until Page Contains" library="SeleniumLibrary">
<arg>Nieprawidłowe dane.</arg>
<arg>timeout=10s</arg>
<doc>Waits until ``text`` appears on the current page.</doc>
<status status="PASS" starttime="20251001 22:06:42.034" endtime="20251001 22:06:42.554"/>
</kw>
<status status="PASS" starttime="20251001 22:06:35.569" endtime="20251001 22:06:42.554"/>
</kw>
<kw name="Invalid Email And Valid Password">
<kw name="Input Text" library="SeleniumLibrary">
<arg>${EMAIL_FIELD}</arg>
<arg>bbbbb@wp.pl</arg>
<doc>Types the given ``text`` into the text field identified by ``locator``.</doc>
<msg timestamp="20251001 22:06:42.555" level="INFO">Typing text 'bbbbb@wp.pl' into text field '//input[@id='username']'.</msg>
<status status="PASS" starttime="20251001 22:06:42.554" endtime="20251001 22:06:44.155"/>
</kw>
<kw name="Input Text" library="SeleniumLibrary">
<arg>${PASSWORD_FIELD}</arg>
<arg>aaaaa</arg>
<doc>Types the given ``text`` into the text field identified by ``locator``.</doc>
<msg timestamp="20251001 22:06:44.155" level="INFO">Typing text 'aaaaa' into text field '//input[@id='password']'.</msg>
<status status="PASS" starttime="20251001 22:06:44.155" endtime="20251001 22:06:45.737"/>
</kw>
<kw name="Click Button" library="SeleniumLibrary">
<arg>${LOGIN_BUTTON}</arg>
<doc>Clicks the button identified by ``locator``.</doc>
<msg timestamp="20251001 22:06:45.737" level="INFO">Clicking button '//button[@id='_submit']'.</msg>
<status status="PASS" starttime="20251001 22:06:45.737" endtime="20251001 22:06:48.402"/>
</kw>
<kw name="Wait Until Page Contains" library="SeleniumLibrary">
<arg>Nieprawidłowe dane.</arg>
<arg>timeout=10s</arg>
<doc>Waits until ``text`` appears on the current page.</doc>
<status status="PASS" starttime="20251001 22:06:48.402" endtime="20251001 22:06:48.915"/>
</kw>
<status status="PASS" starttime="20251001 22:06:42.554" endtime="20251001 22:06:48.915"/>
</kw>
<kw name="Valid Email And Empty Password">
<kw name="Input Text" library="SeleniumLibrary">
<arg>${EMAIL_FIELD}</arg>
<arg>aaaaa@wp.pl</arg>
<doc>Types the given ``text`` into the text field identified by ``locator``.</doc>
<msg timestamp="20251001 22:06:48.915" level="INFO">Typing text 'aaaaa@wp.pl' into text field '//input[@id='username']'.</msg>
<status status="PASS" starttime="20251001 22:06:48.915" endtime="20251001 22:06:50.509"/>
</kw>
<kw name="Click Button" library="SeleniumLibrary">
<arg>${LOGIN_BUTTON}</arg>
<doc>Clicks the button identified by ``locator``.</doc>
<msg timestamp="20251001 22:06:50.509" level="INFO">Clicking button '//button[@id='_submit']'.</msg>
<status status="PASS" starttime="20251001 22:06:50.509" endtime="20251001 22:06:53.120"/>
</kw>
<kw name="Click Button" library="SeleniumLibrary">
<arg>${LOGIN_BUTTON}</arg>
<doc>Clicks the button identified by ``locator``.</doc>
<msg timestamp="20251001 22:06:53.120" level="INFO">Clicking button '//button[@id='_submit']'.</msg>
<status status="PASS" starttime="20251001 22:06:53.120" endtime="20251001 22:06:55.696"/>
</kw>
<kw name="Wait Until Page Contains" library="SeleniumLibrary">
<arg>To pole jest wymagane</arg>
<arg>timeout=10s</arg>
<doc>Waits until ``text`` appears on the current page.</doc>
<status status="PASS" starttime="20251001 22:06:55.696" endtime="20251001 22:06:56.216"/>
</kw>
<status status="PASS" starttime="20251001 22:06:48.915" endtime="20251001 22:06:56.216"/>
</kw>
<kw name="Empty Email And Valid Password">
<kw name="Clear Element Text" library="SeleniumLibrary">
<arg>${EMAIL_FIELD}</arg>
<doc>Clears the value of the text-input-element identified by ``locator``.</doc>
<status status="PASS" starttime="20251001 22:06:56.217" endtime="20251001 22:06:57.257"/>
</kw>
<kw name="Input Text" library="SeleniumLibrary">
<arg>${PASSWORD_FIELD}</arg>
<arg>aaaaa</arg>
<doc>Types the given ``text`` into the text field identified by ``locator``.</doc>
<msg timestamp="20251001 22:06:57.257" level="INFO">Typing text 'aaaaa' into text field '//input[@id='password']'.</msg>
<status status="PASS" starttime="20251001 22:06:57.257" endtime="20251001 22:06:58.837"/>
</kw>
<kw name="Click Button" library="SeleniumLibrary">
<arg>${LOGIN_BUTTON}</arg>
<doc>Clicks the button identified by ``locator``.</doc>
<msg timestamp="20251001 22:06:58.837" level="INFO">Clicking button '//button[@id='_submit']'.</msg>
<status status="PASS" starttime="20251001 22:06:58.837" endtime="20251001 22:07:01.433"/>
</kw>
<kw name="Click Button" library="SeleniumLibrary">
<arg>${LOGIN_BUTTON}</arg>
<doc>Clicks the button identified by ``locator``.</doc>
<msg timestamp="20251001 22:07:01.433" level="INFO">Clicking button '//button[@id='_submit']'.</msg>
<status status="PASS" starttime="20251001 22:07:01.433" endtime="20251001 22:07:04.036"/>
</kw>
<kw name="Wait Until Page Contains" library="SeleniumLibrary">
<arg>To pole jest wymagane</arg>
<arg>timeout=10s</arg>
<doc>Waits until ``text`` appears on the current page.</doc>
<status status="PASS" starttime="20251001 22:07:04.036" endtime="20251001 22:07:04.551"/>
</kw>
<status status="PASS" starttime="20251001 22:06:56.216" endtime="20251001 22:07:04.551"/>
</kw>
<kw name="Close Browser" library="SeleniumLibrary" type="TEARDOWN">
<doc>Closes the current browser.</doc>
<status status="PASS" starttime="20251001 22:07:04.551" endtime="20251001 22:07:07.118"/>
</kw>
<status status="PASS" starttime="20251001 22:06:31.097" endtime="20251001 22:07:07.118"/>
</test>
<doc>Automated test for login functionality with invalid credentials</doc>
<status status="PASS" starttime="20251001 22:06:31.093" endtime="20251001 22:07:07.120"/>
</suite>
<status status="PASS" starttime="20251001 22:05:54.813" endtime="20251001 22:07:07.122"/>
</suite>
<statistics>
<total>
<stat pass="5" fail="0" skip="0">All Tests</stat>
</total>
<tag>
</tag>
<suite>
<stat pass="5" fail="0" skip="0" id="s1" name="RobotFramework Tests">RobotFramework Tests</stat>
<stat pass="1" fail="0" skip="0" id="s1-s1" name="[Pricing] Pricing Subpage (w-FUN.8) (+)">RobotFramework Tests.[Pricing] Pricing Subpage (w-FUN.8) (+)</stat>
<stat pass="1" fail="0" skip="0" id="s1-s2" name="[Regulations] Regulations Subpage (W-FUN.9) (+)">RobotFramework Tests.[Regulations] Regulations Subpage (W-FUN.9) (+)</stat>
<stat pass="1" fail="0" skip="0" id="s1-s3" name="[Terms] Terms Subpage (W-FUN.9) (+)">RobotFramework Tests.[Terms] Terms Subpage (W-FUN.9) (+)</stat>
<stat pass="1" fail="0" skip="0" id="s1-s4" name="Login Functionality for Registered User (+) (WF-FUN.3)">RobotFramework Tests.Login Functionality for Registered User (+) (WF-FUN.3)</stat>
<stat pass="1" fail="0" skip="0" id="s1-s5" name="Login with Invalid Credentials (-)">RobotFramework Tests.Login with Invalid Credentials (-)</stat>
</suite>
</statistics>
<errors>
</errors>
</robot>
